e:\code\c++开发\workermanger\workermanger\x64\debug\vc141.pdb
e:\code\c++开发\workermanger\workermanger\x64\debug\vc141.idb
e:\code\c++开发\workermanger\workermanger\x64\debug\职工管理系统1.obj
e:\code\c++开发\workermanger\workermanger\x64\debug\employee.obj
e:\code\c++开发\workermanger\workermanger\x64\debug\manager.obj
e:\code\c++开发\workermanger\workermanger\x64\debug\boss.obj
e:\code\c++开发\workermanger\workermanger\x64\debug\workermanager.obj
e:\code\c++开发\workermanger\x64\debug\workermanger.exe
e:\code\c++开发\workermanger\x64\debug\workermanger.ilk
e:\code\c++开发\workermanger\x64\debug\workermanger.pdb
e:\code\c++开发\workermanger\workermanger\x64\debug\resource.res
e:\code\c++开发\workermanger\workermanger\x64\debug\workermanger.res
e:\code\c++开发\workermanger\workermanger\x64\debug\worker.obj
e:\code\c++开发\workermanger\workermanger\x64\debug\workermanger.tlog\cl.command.1.tlog
e:\code\c++开发\workermanger\workermanger\x64\debug\workermanger.tlog\cl.read.1.tlog
e:\code\c++开发\workermanger\workermanger\x64\debug\workermanger.tlog\cl.write.1.tlog
e:\code\c++开发\workermanger\workermanger\x64\debug\workermanger.tlog\link.command.1.tlog
e:\code\c++开发\workermanger\workermanger\x64\debug\workermanger.tlog\link.read.1.tlog
e:\code\c++开发\workermanger\workermanger\x64\debug\workermanger.tlog\link.write.1.tlog
e:\code\c++开发\workermanger\workermanger\x64\debug\workermanger.tlog\rc.command.1.tlog
e:\code\c++开发\workermanger\workermanger\x64\debug\workermanger.tlog\rc.read.1.tlog
e:\code\c++开发\workermanger\workermanger\x64\debug\workermanger.tlog\rc.write.1.tlog
